Arguments: 
  E:\nodejs\node.exe E:\node_cache\node_global\node_modules\yarn\bin\yarn.js add @types/node

PATH: 
  E:\python\Scripts\;E:\python\;C:\Program Files (x86)\Common Files\Oracle\Java\javapath;C:\Windows\system32;C:\Windows;C:\Windows\System32\Wbem;C:\Windows\System32\WindowsPowerShell\v1.0\;C:\Windows\System32\OpenSSH\;C:\Program Files (x86)\NVIDIA Corporation\PhysX\Common;C:\Program Files\NVIDIA Corporation\NVIDIA NGX;C:\Program Files\NVIDIA Corporation\NVIDIA NvDLISR;C:\WINDOWS\system32;C:\WINDOWS;C:\WINDOWS\System32\Wbem;C:\WINDOWS\System32\WindowsPowerShell\v1.0\;C:\WINDOWS\System32\OpenSSH\;D:\Program Files\nodejs\node_global;"%JAVA_HOME8u241%\bin;%JAVA_HOME8u241%\jre\bin;";F:\应用软件\Git\cmd;F:\yarn\bin\;E:\development_environment\MySQL\bin;E:\开发工具\Microsoft VS Code Insiders\bin;C:\Program Files (x86)\ZeroTier\One\;F:\应用软件\互传\EasyShare\x86\;F:\应用软件\互传\EasyShare\x64\;E:\node_cache\node_global\node_modules;E:\yarnData\global\bin;E:\mysql\mysql-8.0.27-winx64;E:\mysql\mysql-8.0.27-winx64\bin;E:\开发工具\微信web开发者工具\dll;E:\nvm;E:\nodejs;E:\node_cache\node_global;E:\dev_tools\Microsoft VS Code\bin;E:\Anaconda3;E:\Anaconda3\Library\mingw-w64\bin;E:\Anaconda3\Library\usr\bin;E:\Anaconda3\Library\bin;E:\Anaconda3\Scripts;C:\Users\15201\AppData\Local\Microsoft\WindowsApps;E:\development environment\Node.js\node_global;C:\Users\15201\AppData\Local\Yarn\bin;C:\Users\15201\AppData\Local\Microsoft\WindowsApps;_cache\node_global;E:\nvm;E:\nodejs;E:\node_cache\node_global;E:\dev_tools\Microsoft VS Code\bin;

Yarn version: 
  1.22.17

Node version: 
  16.13.2

Platform: 
  win32 x64

Trace: 
  Error: EPERM: operation not permitted, unlink 'E:\project\vitepress-demo-editor\node_modules\esbuild-windows-64\esbuild.exe'

npm manifest: 
  {
    "name": "vitepress-demo-editor",
    "version": "1.0.0",
    "description": "a vitepress plugin",
    "main": "index.js",
    "license": "MIT",
    "scripts": {
      "docs:dev": "vitepress dev docs",
      "docs:build": "vitepress build docs",
      "docs:serve": "vitepress serve docs"
    },
    "devDependencies": {
      "vitepress": "^1.0.0-alpha.4",
      "vue": "^3.2.37"
    },
    "dependencies": {
      "markdown-it-container": "^3.0.0",
      "monaco-editor": "^0.33.0"
    }
  }

yarn manifest: 
  No manifest

Lockfile: 
  # THIS IS AN AUTOGENERATED FILE. DO NOT EDIT THIS FILE DIRECTLY.
  # yarn lockfile v1
  
  
  "@algolia/autocomplete-core@1.7.1":
    "integrity" "sha512-eiZw+fxMzNQn01S8dA/hcCpoWCOCwcIIEUtHHdzN5TGB3IpzLbuhqFeTfh2OUhhgkE8Uo17+wH+QJ/wYyQmmzg=="
    "resolved" "https://registry.npmmirror.com/@algolia/autocomplete-core/-/autocomplete-core-1.7.1.tgz"
    "version" "1.7.1"
    dependencies:
      "@algolia/autocomplete-shared" "1.7.1"
  
  "@algolia/autocomplete-preset-algolia@1.7.1":
    "integrity" "sha512-pJwmIxeJCymU1M6cGujnaIYcY3QPOVYZOXhFkWVM7IxKzy272BwCvMFMyc5NpG/QmiObBxjo7myd060OeTNJXg=="
    "resolved" "https://registry.npmmirror.com/@algolia/autocomplete-preset-algolia/-/autocomplete-preset-algolia-1.7.1.tgz"
    "version" "1.7.1"
    dependencies:
      "@algolia/autocomplete-shared" "1.7.1"
  
  "@algolia/autocomplete-shared@1.7.1":
    "integrity" "sha512-eTmGVqY3GeyBTT8IWiB2K5EuURAqhnumfktAEoHxfDY2o7vg2rSnO16ZtIG0fMgt3py28Vwgq42/bVEuaQV7pg=="
    "resolved" "https://registry.npmmirror.com/@algolia/autocomplete-shared/-/autocomplete-shared-1.7.1.tgz"
    "version" "1.7.1"
  
  "@algolia/cache-browser-local-storage@4.13.1":
    "integrity" "sha512-UAUVG2PEfwd/FfudsZtYnidJ9eSCpS+LW9cQiesePQLz41NAcddKxBak6eP2GErqyFagSlnVXe/w2E9h2m2ttg=="
    "resolved" "https://registry.npmmirror.com/@algolia/cache-browser-local-storage/-/cache-browser-local-storage-4.13.1.tgz"
    "version" "4.13.1"
    dependencies:
      "@algolia/cache-common" "4.13.1"
  
  "@algolia/cache-common@4.13.1":
    "integrity" "sha512-7Vaf6IM4L0Jkl3sYXbwK+2beQOgVJ0mKFbz/4qSxKd1iy2Sp77uTAazcX+Dlexekg1fqGUOSO7HS4Sx47ZJmjA=="
    "resolved" "https://registry.npmmirror.com/@algolia/cache-common/-/cache-common-4.13.1.tgz"
    "version" "4.13.1"
  
  "@algolia/cache-in-memory@4.13.1":
    "integrity" "sha512-pZzybCDGApfA/nutsFK1P0Sbsq6fYJU3DwIvyKg4pURerlJM4qZbB9bfLRef0FkzfQu7W11E4cVLCIOWmyZeuQ=="
    "resolved" "https://registry.npmmirror.com/@algolia/cache-in-memory/-/cache-in-memory-4.13.1.tgz"
    "version" "4.13.1"
    dependencies:
      "@algolia/cache-common" "4.13.1"
  
  "@algolia/client-account@4.13.1":
    "integrity" "sha512-TFLiZ1KqMiir3FNHU+h3b0MArmyaHG+eT8Iojio6TdpeFcAQ1Aiy+2gb3SZk3+pgRJa/BxGmDkRUwE5E/lv3QQ=="
    "resolved" "https://registry.npmmirror.com/@algolia/client-account/-/client-account-4.13.1.tgz"
    "version" "4.13.1"
    dependencies:
      "@algolia/client-common" "4.13.1"
      "@algolia/client-search" "4.13.1"
      "@algolia/transporter" "4.13.1"
  
  "@algolia/client-analytics@4.13.1":
    "integrity" "sha512-iOS1JBqh7xaL5x00M5zyluZ9+9Uy9GqtYHv/2SMuzNW1qP7/0doz1lbcsP3S7KBbZANJTFHUOfuqyRLPk91iFA=="
    "resolved" "https://registry.npmmirror.com/@algolia/client-analytics/-/client-analytics-4.13.1.tgz"
    "version" "4.13.1"
    dependencies:
      "@algolia/client-common" "4.13.1"
      "@algolia/client-search" "4.13.1"
      "@algolia/requester-common" "4.13.1"
      "@algolia/transporter" "4.13.1"
  
  "@algolia/client-common@4.13.1":
    "integrity" "sha512-LcDoUE0Zz3YwfXJL6lJ2OMY2soClbjrrAKB6auYVMNJcoKZZ2cbhQoFR24AYoxnGUYBER/8B+9sTBj5bj/Gqbg=="
    "resolved" "https://registry.npmmirror.com/@algolia/client-common/-/client-common-4.13.1.tgz"
    "version" "4.13.1"
    dependencies:
      "@algolia/requester-common" "4.13.1"
      "@algolia/transporter" "4.13.1"
  
  "@algolia/client-personalization@4.13.1":
    "integrity" "sha512-1CqrOW1ypVrB4Lssh02hP//YxluoIYXAQCpg03L+/RiXJlCs+uIqlzC0ctpQPmxSlTK6h07kr50JQoYH/TIM9w=="
    "resolved" "https://registry.npmmirror.com/@algolia/client-personalization/-/client-personalization-4.13.1.tgz"
    "version" "4.13.1"
    dependencies:
      "@algolia/client-common" "4.13.1"
      "@algolia/requester-common" "4.13.1"
      "@algolia/transporter" "4.13.1"
  
  "@algolia/client-search@^4.9.1", "@algolia/client-search@4.13.1":
    "integrity" "sha512-YQKYA83MNRz3FgTNM+4eRYbSmHi0WWpo019s5SeYcL3HUan/i5R09VO9dk3evELDFJYciiydSjbsmhBzbpPP2A=="
    "resolved" "https://registry.npmmirror.com/@algolia/client-search/-/client-search-4.13.1.tgz"
    "version" "4.13.1"
    dependencies:
      "@algolia/client-common" "4.13.1"
      "@algolia/requester-common" "4.13.1"
      "@algolia/transporter" "4.13.1"
  
  "@algolia/logger-common@4.13.1":
    "integrity" "sha512-L6slbL/OyZaAXNtS/1A8SAbOJeEXD5JcZeDCPYDqSTYScfHu+2ePRTDMgUTY4gQ7HsYZ39N1LujOd8WBTmM2Aw=="
    "resolved" "https://registry.npmmirror.com/@algolia/logger-common/-/logger-common-4.13.1.tgz"
    "version" "4.13.1"
  
  "@algolia/logger-console@4.13.1":
    "integrity" "sha512-7jQOTftfeeLlnb3YqF8bNgA2GZht7rdKkJ31OCeSH2/61haO0tWPoNRjZq9XLlgMQZH276pPo0NdiArcYPHjCA=="
    "resolved" "https://registry.npmmirror.com/@algolia/logger-console/-/logger-console-4.13.1.tgz"
    "version" "4.13.1"
    dependencies:
      "@algolia/logger-common" "4.13.1"
  
  "@algolia/requester-browser-xhr@4.13.1":
    "integrity" "sha512-oa0CKr1iH6Nc7CmU6RE7TnXMjHnlyp7S80pP/LvZVABeJHX3p/BcSCKovNYWWltgTxUg0U1o+2uuy8BpMKljwA=="
    "resolved" "https://registry.npmmirror.com/@algolia/requester-browser-xhr/-/requester-browser-xhr-4.13.1.tgz"
    "version" "4.13.1"
    dependencies:
      "@algolia/requester-common" "4.13.1"
  
  "@algolia/requester-common@4.13.1":
    "integrity" "sha512-eGVf0ID84apfFEuXsaoSgIxbU3oFsIbz4XiotU3VS8qGCJAaLVUC5BUJEkiFENZIhon7hIB4d0RI13HY4RSA+w=="
    "resolved" "https://registry.npmmirror.com/@algolia/requester-common/-/requester-common-4.13.1.tgz"
    "version" "4.13.1"
  
  "@algolia/requester-node-http@4.13.1":
    "integrity" "sha512-7C0skwtLdCz5heKTVe/vjvrqgL/eJxmiEjHqXdtypcE5GCQCYI15cb+wC4ytYioZDMiuDGeVYmCYImPoEgUGPw=="
    "resolved" "https://registry.npmmirror.com/@algolia/requester-node-http/-/requester-node-http-4.13.1.tgz"
    "version" "4.13.1"
    dependencies:
      "@algolia/requester-common" "4.13.1"
  
  "@algolia/transporter@4.13.1":
    "integrity" "sha512-pICnNQN7TtrcYJqqPEXByV8rJ8ZRU2hCiIKLTLRyNpghtQG3VAFk6fVtdzlNfdUGZcehSKGarPIZEHlQXnKjgw=="
    "resolved" "https://registry.npmmirror.com/@algolia/transporter/-/transporter-4.13.1.tgz"
    "version" "4.13.1"
    dependencies:
      "@algolia/cache-common" "4.13.1"
      "@algolia/logger-common" "4.13.1"
      "@algolia/requester-common" "4.13.1"
  
  "@babel/parser@^7.16.4":
    "integrity" "sha512-RSKRfYX20dyH+elbJK2uqAkVyucL+xXzhqlMD5/ZXx+dAAwpyB7HsvnHe/ZUGOF+xLr5Wx9/JoXVTj6BQE2/oA=="
    "resolved" "https://registry.npmmirror.com/@babel/parser/-/parser-7.18.8.tgz"
    "version" "7.18.8"
  
  "@docsearch/css@^3.0.0", "@docsearch/css@3.1.1":
    "integrity" "sha512-utLgg7E1agqQeqCJn05DWC7XXMk4tMUUnL7MZupcknRu2OzGN13qwey2qA/0NAKkVBGugiWtON0+rlU0QIPojg=="
    "resolved" "https://registry.npmmirror.com/@docsearch/css/-/css-3.1.1.tgz"
    "version" "3.1.1"
  
  "@docsearch/js@^3.0.0":
    "integrity" "sha512-bt7l2aKRoSnLUuX+s4LVQ1a7AF2c9myiZNv5uvQCePG5tpvVGpwrnMwqVXOUJn9q6FwVVhOrQMO/t+QmnnAEUw=="
    "resolved" "https://registry.npmmirror.com/@docsearch/js/-/js-3.1.1.tgz"
    "version" "3.1.1"
    dependencies:
      "@docsearch/react" "3.1.1"
      "preact" "^10.0.0"
  
  "@docsearch/react@3.1.1":
    "integrity" "sha512-cfoql4qvtsVRqBMYxhlGNpvyy/KlCoPqjIsJSZYqYf9AplZncKjLBTcwBu6RXFMVCe30cIFljniI4OjqAU67pQ=="
    "resolved" "https://registry.npmmirror.com/@docsearch/react/-/react-3.1.1.tgz"
    "version" "3.1.1"
    dependencies:
      "@algolia/autocomplete-core" "1.7.1"
      "@algolia/autocomplete-preset-algolia" "1.7.1"
      "@docsearch/css" "3.1.1"
      "algoliasearch" "^4.0.0"
  
  "@types/web-bluetooth@^0.0.14":
    "integrity" "sha512-5d2RhCard1nQUC3aHcq/gHzWYO6K0WJmAbjO7mQJgCQKtZpgXxv1rOM6O/dBDhDYYVutk1sciOgNSe+5YyfM8A=="
    "resolved" "https://registry.npmmirror.com/@types/web-bluetooth/-/web-bluetooth-0.0.14.tgz"
    "version" "0.0.14"
  
  "@vitejs/plugin-vue@^2.3.2":
    "integrity" "sha512-SmQLDyhz+6lGJhPELsBdzXGc+AcaT8stgkbiTFGpXPe8Tl1tJaBw1A6pxDqDuRsVkD8uscrkx3hA7QDOoKYtyw=="
    "resolved" "https://registry.npmmirror.com/@vitejs/plugin-vue/-/plugin-vue-2.3.3.tgz"
    "version" "2.3.3"
  
  "@vue/compiler-core@3.2.37":
    "integrity" "sha512-81KhEjo7YAOh0vQJoSmAD68wLfYqJvoiD4ulyedzF+OEk/bk6/hx3fTNVfuzugIIaTrOx4PGx6pAiBRe5e9Zmg=="
    "resolved" "https://registry.npmmirror.com/@vue/compiler-core/-/compiler-core-3.2.37.tgz"
    "version" "3.2.37"
    dependencies:
      "@babel/parser" "^7.16.4"
      "@vue/shared" "3.2.37"
      "estree-walker" "^2.0.2"
      "source-map" "^0.6.1"
  
  "@vue/compiler-dom@3.2.37":
    "integrity" "sha512-yxJLH167fucHKxaqXpYk7x8z7mMEnXOw3G2q62FTkmsvNxu4FQSu5+3UMb+L7fjKa26DEzhrmCxAgFLLIzVfqQ=="
    "resolved" "https://registry.npmmirror.com/@vue/compiler-dom/-/compiler-dom-3.2.37.tgz"
    "version" "3.2.37"
    dependencies:
      "@vue/compiler-core" "3.2.37"
      "@vue/shared" "3.2.37"
  
  "@vue/compiler-sfc@3.2.37":
    "integrity" "sha512-+7i/2+9LYlpqDv+KTtWhOZH+pa8/HnX/905MdVmAcI/mPQOBwkHHIzrsEsucyOIZQYMkXUiTkmZq5am/NyXKkg=="
    "resolved" "https://registry.npmmirror.com/@vue/compiler-sfc/-/compiler-sfc-3.2.37.tgz"
    "version" "3.2.37"
    dependencies:
      "@babel/parser" "^7.16.4"
      "@vue/compiler-core" "3.2.37"
      "@vue/compiler-dom" "3.2.37"
      "@vue/compiler-ssr" "3.2.37"
      "@vue/reactivity-transform" "3.2.37"
      "@vue/shared" "3.2.37"
      "estree-walker" "^2.0.2"
      "magic-string" "^0.25.7"
      "postcss" "^8.1.10"
      "source-map" "^0.6.1"
  
  "@vue/compiler-ssr@3.2.37":
    "integrity" "sha512-7mQJD7HdXxQjktmsWp/J67lThEIcxLemz1Vb5I6rYJHR5vI+lON3nPGOH3ubmbvYGt8xEUaAr1j7/tIFWiEOqw=="
    "resolved" "https://registry.npmmirror.com/@vue/compiler-ssr/-/compiler-ssr-3.2.37.tgz"
    "version" "3.2.37"
    dependencies:
      "@vue/compiler-dom" "3.2.37"
      "@vue/shared" "3.2.37"
  
  "@vue/devtools-api@^6.1.4":
    "integrity" "sha512-OEgAMeQXvCoJ+1x8WyQuVZzFo0wcyCmUR3baRVLmKBo1LmYZWMlRiXlux5jd0fqVJu6PfDbOrZItVqUEzLobeQ=="
    "resolved" "https://registry.npmmirror.com/@vue/devtools-api/-/devtools-api-6.2.1.tgz"
    "version" "6.2.1"
  
  "@vue/reactivity-transform@3.2.37":
    "integrity" "sha512-IWopkKEb+8qpu/1eMKVeXrK0NLw9HicGviJzhJDEyfxTR9e1WtpnnbYkJWurX6WwoFP0sz10xQg8yL8lgskAZg=="
    "resolved" "https://registry.npmmirror.com/@vue/reactivity-transform/-/reactivity-transform-3.2.37.tgz"
    "version" "3.2.37"
    dependencies:
      "@babel/parser" "^7.16.4"
      "@vue/compiler-core" "3.2.37"
      "@vue/shared" "3.2.37"
      "estree-walker" "^2.0.2"
      "magic-string" "^0.25.7"
  
  "@vue/reactivity@3.2.37":
    "integrity" "sha512-/7WRafBOshOc6m3F7plwzPeCu/RCVv9uMpOwa/5PiY1Zz+WLVRWiy0MYKwmg19KBdGtFWsmZ4cD+LOdVPcs52A=="
    "resolved" "https://registry.npmmirror.com/@vue/reactivity/-/reactivity-3.2.37.tgz"
    "version" "3.2.37"
    dependencies:
      "@vue/shared" "3.2.37"
  
  "@vue/runtime-core@3.2.37":
    "integrity" "sha512-JPcd9kFyEdXLl/i0ClS7lwgcs0QpUAWj+SKX2ZC3ANKi1U4DOtiEr6cRqFXsPwY5u1L9fAjkinIdB8Rz3FoYNQ=="
    "resolved" "https://registry.npmmirror.com/@vue/runtime-core/-/runtime-core-3.2.37.tgz"
    "version" "3.2.37"
    dependencies:
      "@vue/reactivity" "3.2.37"
      "@vue/shared" "3.2.37"
  
  "@vue/runtime-dom@3.2.37":
    "integrity" "sha512-HimKdh9BepShW6YozwRKAYjYQWg9mQn63RGEiSswMbW+ssIht1MILYlVGkAGGQbkhSh31PCdoUcfiu4apXJoPw=="
    "resolved" "https://registry.npmmirror.com/@vue/runtime-dom/-/runtime-dom-3.2.37.tgz"
    "version" "3.2.37"
    dependencies:
      "@vue/runtime-core" "3.2.37"
      "@vue/shared" "3.2.37"
      "csstype" "^2.6.8"
  
  "@vue/server-renderer@3.2.37":
    "integrity" "sha512-kLITEJvaYgZQ2h47hIzPh2K3jG8c1zCVbp/o/bzQOyvzaKiCquKS7AaioPI28GNxIsE/zSx+EwWYsNxDCX95MA=="
    "resolved" "https://registry.npmmirror.com/@vue/server-renderer/-/server-renderer-3.2.37.tgz"
    "version" "3.2.37"
    dependencies:
      "@vue/compiler-ssr" "3.2.37"
      "@vue/shared" "3.2.37"
  
  "@vue/shared@3.2.37":
    "integrity" "sha512-4rSJemR2NQIo9Klm1vabqWjD8rs/ZaJSzMxkMNeJS6lHiUjjUeYFbooN19NgFjztubEKh3WlZUeOLVdbbUWHsw=="
    "resolved" "https://registry.npmmirror.com/@vue/shared/-/shared-3.2.37.tgz"
    "version" "3.2.37"
  
  "@vueuse/core@^8.5.0":
    "integrity" "sha512-q2pr3N7FPG7IBBhEXTYOJU+38VwKMLP5IfD33byzBV4Th7f1JHT4qPKvJrvr17knAefPRzNqgt9et+xFqaRlPQ=="
    "resolved" "https://registry.npmmirror.com/@vueuse/core/-/core-8.9.3.tgz"
    "version" "8.9.3"
    dependencies:
      "@types/web-bluetooth" "^0.0.14"
      "@vueuse/metadata" "8.9.3"
      "@vueuse/shared" "8.9.3"
      "vue-demi" "*"
  
  "@vueuse/metadata@8.9.3":
    "integrity" "sha512-57gZZKtWAmcJaUBmciCohvmumVLz4+FnoVnWj7U5BWs5PC2/7gU9Z0/i1i9leDNeboAauFzAq7z1GjS8eYnT+w=="
    "resolved" "https://registry.npmmirror.com/@vueuse/metadata/-/metadata-8.9.3.tgz"
    "version" "8.9.3"
  
  "@vueuse/shared@8.9.3":
    "integrity" "sha512-foorYQAU3CGknAO1w9No/rpGBJmb7L74MPltnZAYxeBRfhsajjJYYgja+D5IT2vT+/a0NciISaVp3fDwMN1ocA=="
    "resolved" "https://registry.npmmirror.com/@vueuse/shared/-/shared-8.9.3.tgz"
    "version" "8.9.3"
    dependencies:
      "vue-demi" "*"
  
  "algoliasearch@^4.0.0", "algoliasearch@^4.9.1":
    "integrity" "sha512-dtHUSE0caWTCE7liE1xaL+19AFf6kWEcyn76uhcitWpntqvicFHXKFoZe5JJcv9whQOTRM6+B8qJz6sFj+rDJA=="
    "resolved" "https://registry.npmmirror.com/algoliasearch/-/algoliasearch-4.13.1.tgz"
    "version" "4.13.1"
    dependencies:
      "@algolia/cache-browser-local-storage" "4.13.1"
      "@algolia/cache-common" "4.13.1"
      "@algolia/cache-in-memory" "4.13.1"
      "@algolia/client-account" "4.13.1"
      "@algolia/client-analytics" "4.13.1"
      "@algolia/client-common" "4.13.1"
      "@algolia/client-personalization" "4.13.1"
      "@algolia/client-search" "4.13.1"
      "@algolia/logger-common" "4.13.1"
      "@algolia/logger-console" "4.13.1"
      "@algolia/requester-browser-xhr" "4.13.1"
      "@algolia/requester-common" "4.13.1"
      "@algolia/requester-node-http" "4.13.1"
      "@algolia/transporter" "4.13.1"
  
  "body-scroll-lock@^4.0.0-beta.0":
    "integrity" "sha512-a7tP5+0Mw3YlUJcGAKUqIBkYYGlYxk2fnCasq/FUph1hadxlTRjF+gAcZksxANnaMnALjxEddmSi/H3OR8ugcQ=="
    "resolved" "https://registry.npmmirror.com/body-scroll-lock/-/body-scroll-lock-4.0.0-beta.0.tgz"
    "version" "4.0.0-beta.0"
  
  "csstype@^2.6.8":
    "integrity" "sha512-/WwNkdXfckNgw6S5R125rrW8ez139lBHWouiBvX8dfMFtcn6V81REDqnH7+CRpRipfYlyU1CmOnOxrmGcFOjeA=="
    "resolved" "https://registry.npmmirror.com/csstype/-/csstype-2.6.20.tgz"
    "version" "2.6.20"
  
  "esbuild-windows-64@0.14.49":
    "integrity" "sha512-+Cme7Ongv0UIUTniPqfTX6mJ8Deo7VXw9xN0yJEN1lQMHDppTNmKwAM3oGbD/Vqff+07K2gN0WfNkMohmG+dVw=="
    "resolved" "https://registry.npmmirror.com/esbuild-windows-64/-/esbuild-windows-64-0.14.49.tgz"
    "version" "0.14.49"
  
  "esbuild@^0.14.27":
    "integrity" "sha512-/TlVHhOaq7Yz8N1OJrjqM3Auzo5wjvHFLk+T8pIue+fhnhIMpfAzsG6PLVMbFveVxqD2WOp3QHei+52IMUNmCw=="
    "resolved" "https://registry.npmmirror.com/esbuild/-/esbuild-0.14.49.tgz"
    "version" "0.14.49"
    optionalDependencies:
      "esbuild-android-64" "0.14.49"
      "esbuild-android-arm64" "0.14.49"
      "esbuild-darwin-64" "0.14.49"
      "esbuild-darwin-arm64" "0.14.49"
      "esbuild-freebsd-64" "0.14.49"
      "esbuild-freebsd-arm64" "0.14.49"
      "esbuild-linux-32" "0.14.49"
      "esbuild-linux-64" "0.14.49"
      "esbuild-linux-arm" "0.14.49"
      "esbuild-linux-arm64" "0.14.49"
      "esbuild-linux-mips64le" "0.14.49"
      "esbuild-linux-ppc64le" "0.14.49"
      "esbuild-linux-riscv64" "0.14.49"
      "esbuild-linux-s390x" "0.14.49"
      "esbuild-netbsd-64" "0.14.49"
      "esbuild-openbsd-64" "0.14.49"
      "esbuild-sunos-64" "0.14.49"
      "esbuild-windows-32" "0.14.49"
      "esbuild-windows-64" "0.14.49"
      "esbuild-windows-arm64" "0.14.49"
  
  "estree-walker@^2.0.2":
    "integrity" "sha512-Rfkk/Mp/DL7JVje3u18FxFujQlTNR2q6QfMSMB7AvCBx91NGj/ba3kCfza0f6dVDbw7YlRf/nDrn7pQrCCyQ/w=="
    "resolved" "https://registry.npmmirror.com/estree-walker/-/estree-walker-2.0.2.tgz"
    "version" "2.0.2"
  
  "function-bind@^1.1.1":
    "integrity" "sha512-yIovAzMX49sF8Yl58fSCWJ5svSLuaibPxXQJFLmBObTuCr0Mf1KiPopGM9NiFjiYBCbfaa2Fh6breQ6ANVTI0A=="
    "resolved" "https://registry.npmmirror.com/function-bind/-/function-bind-1.1.1.tgz"
    "version" "1.1.1"
  
  "has@^1.0.3":
    "integrity" "sha512-f2dvO0VU6Oej7RkWJGrehjbzMAjFp5/VKPp5tTpWIV4JHHZK1/BxbFRtf/siA2SWTe09caDmVtYYzWEIbBS4zw=="
    "resolved" "https://registry.npmmirror.com/has/-/has-1.0.3.tgz"
    "version" "1.0.3"
    dependencies:
      "function-bind" "^1.1.1"
  
  "is-core-module@^2.9.0":
    "integrity" "sha512-+5FPy5PnwmO3lvfMb0AsoPaBG+5KHUI0wYFXOtYPnVVVspTFUuMZNfNaNVRt3FZadstu2c8x23vykRW/NBoU6A=="
    "resolved" "https://registry.npmmirror.com/is-core-module/-/is-core-module-2.9.0.tgz"
    "version" "2.9.0"
    dependencies:
      "has" "^1.0.3"
  
  "jsonc-parser@^3.0.0":
    "integrity" "sha512-DRf0QjnNeCUds3xTjKlQQ3DpJD51GvDjJfnxUVWg6PZTo2otSm+slzNAxU/35hF8/oJIKoG9slq30JYOsF2azg=="
    "resolved" "https://registry.npmmirror.com/jsonc-parser/-/jsonc-parser-3.1.0.tgz"
    "version" "3.1.0"
  
  "magic-string@^0.25.7":
    "integrity" "sha512-RmF0AsMzgt25qzqqLc1+MbHmhdx0ojF2Fvs4XnOqz2ZOBXzzkEwc/dJQZCYHAn7v1jbVOjAZfK8msRn4BxO4VQ=="
    "resolved" "https://registry.npmmirror.com/magic-string/-/magic-string-0.25.9.tgz"
    "version" "0.25.9"
    dependencies:
      "sourcemap-codec" "^1.4.8"
  
  "markdown-it-container@^3.0.0":
    "integrity" "sha512-y6oKTq4BB9OQuY/KLfk/O3ysFhB3IMYoIWhGJEidXt1NQFocFK2sA2t0NYZAMyMShAGL6x5OPIbrmXPIqaN9rw=="
    "resolved" "https://registry.npmmirror.com/markdown-it-container/-/markdown-it-container-3.0.0.tgz"
    "version" "3.0.0"
  
  "monaco-editor@^0.33.0":
    "integrity" "sha512-VcRWPSLIUEgQJQIE0pVT8FcGBIgFoxz7jtqctE+IiCxWugD0DwgyQBcZBhdSrdMC84eumoqMZsGl2GTreOzwqw=="
    "resolved" "https://registry.npmmirror.com/monaco-editor/-/monaco-editor-0.33.0.tgz"
    "version" "0.33.0"
  
  "nanoid@^3.3.4":
    "integrity" "sha512-MqBkQh/OHTS2egovRtLk45wEyNXwF+cokD+1YPf9u5VfJiRdAiRwB2froX5Co9Rh20xs4siNPm8naNotSD6RBw=="
    "resolved" "https://registry.npmmirror.com/nanoid/-/nanoid-3.3.4.tgz"
    "version" "3.3.4"
  
  "path-parse@^1.0.7":
    "integrity" "sha512-LDJzPVEEEPR+y48z93A0Ed0yXb8pAByGWo/k5YYdYgpY2/2EsOsksJrq7lOHxryrVOn1ejG6oAp8ahvOIQD8sw=="
    "resolved" "https://registry.npmmirror.com/path-parse/-/path-parse-1.0.7.tgz"
    "version" "1.0.7"
  
  "picocolors@^1.0.0":
    "integrity" "sha512-1fygroTLlHu66zi26VoTDv8yRgm0Fccecssto+MhsZ0D/DGW2sm8E8AjW7NU5VVTRt5GxbeZ5qBuJr+HyLYkjQ=="
    "resolved" "https://registry.npmmirror.com/picocolors/-/picocolors-1.0.0.tgz"
    "version" "1.0.0"
  
  "postcss@^8.1.10", "postcss@^8.4.13":
    "integrity" "sha512-E398TUmfAYFPBSdzgeieK2Y1+1cpdxJx8yXbK/m57nRhKSmk1GB2tO4lbLBtlkfPQTDKfe4Xqv1ASWPpayPEig=="
    "resolved" "https://registry.npmmirror.com/postcss/-/postcss-8.4.14.tgz"
    "version" "8.4.14"
    dependencies:
      "nanoid" "^3.3.4"
      "picocolors" "^1.0.0"
      "source-map-js" "^1.0.2"
  
  "preact@^10.0.0":
    "integrity" "sha512-fszkg1iJJjq68I4lI8ZsmBiaoQiQHbxf1lNq+72EmC/mZOsFF5zn3k1yv9QGoFgIXzgsdSKtYymLJsrJPoamjQ=="
    "resolved" "https://registry.npmmirror.com/preact/-/preact-10.10.0.tgz"
    "version" "10.10.0"
  
  "resolve@^1.22.0":
    "integrity" "sha512-nBpuuYuY5jFsli/JIs1oldw6fOQCBioohqWZg/2hiaOybXOft4lonv85uDOKXdf8rhyK159cxU5cDcK/NKk8zw=="
    "resolved" "https://registry.npmmirror.com/resolve/-/resolve-1.22.1.tgz"
    "version" "1.22.1"
    dependencies:
      "is-core-module" "^2.9.0"
      "path-parse" "^1.0.7"
      "supports-preserve-symlinks-flag" "^1.0.0"
  
  "rollup@^2.59.0":
    "integrity" "sha512-vL8xjY4yOQEw79DvyXLijhnhh+R/O9zpF/LEgkCebZFtb6ELeN9H3/2T0r8+mp+fFTBHZ5qGpOpW2ela2zRt3g=="
    "resolved" "https://registry.npmmirror.com/rollup/-/rollup-2.77.0.tgz"
    "version" "2.77.0"
    optionalDependencies:
      "fsevents" "~2.3.2"
  
  "shiki@^0.10.1":
    "integrity" "sha512-VsY7QJVzU51j5o1+DguUd+6vmCmZ5v/6gYu4vyYAhzjuNQU6P/vmSy4uQaOhvje031qQMiW0d2BwgMH52vqMng=="
    "resolved" "https://registry.npmmirror.com/shiki/-/shiki-0.10.1.tgz"
    "version" "0.10.1"
    dependencies:
      "jsonc-parser" "^3.0.0"
      "vscode-oniguruma" "^1.6.1"
      "vscode-textmate" "5.2.0"
  
  "source-map-js@^1.0.2":
    "integrity" "sha512-R0XvVJ9WusLiqTCEiGCmICCMplcCkIwwR11mOSD9CR5u+IXYdiseeEuXCVAjS54zqwkLcPNnmU4OeJ6tUrWhDw=="
    "resolved" "https://registry.npmmirror.com/source-map-js/-/source-map-js-1.0.2.tgz"
    "version" "1.0.2"
  
  "source-map@^0.6.1":
    "integrity" "sha512-UjgapumWlbMhkBgzT7Ykc5YXUT46F0iKu8SGXq0bcwP5dz/h0Plj6enJqjz1Zbq2l5WaqYnrVbwWOWMyF3F47g=="
    "resolved" "https://registry.npmmirror.com/source-map/-/source-map-0.6.1.tgz"
    "version" "0.6.1"
  
  "sourcemap-codec@^1.4.8":
    "integrity" "sha512-9NykojV5Uih4lgo5So5dtw+f0JgJX30KCNI8gwhz2J9A15wD0Ml6tjHKwf6fTSa6fAdVBdZeNOs9eJ71qCk8vA=="
    "resolved" "https://registry.npmmirror.com/sourcemap-codec/-/sourcemap-codec-1.4.8.tgz"
    "version" "1.4.8"
  
  "supports-preserve-symlinks-flag@^1.0.0":
    "integrity" "sha512-ot0WnXS9fgdkgIcePe6RHNk1WA8+muPa6cSjeR3V8K27q9BB1rTE3R1p7Hv0z1ZyAc8s6Vvv8DIyWf681MAt0w=="
    "resolved" "https://registry.npmmirror.com/supports-preserve-symlinks-flag/-/supports-preserve-symlinks-flag-1.0.0.tgz"
    "version" "1.0.0"
  
  "vite@^2.5.10", "vite@^2.9.7":
    "integrity" "sha512-P/UCjSpSMcE54r4mPak55hWAZPlyfS369svib/gpmz8/01L822lMPOJ/RYW6tLCe1RPvMvOsJ17erf55bKp4Hw=="
    "resolved" "https://registry.npmmirror.com/vite/-/vite-2.9.14.tgz"
    "version" "2.9.14"
    dependencies:
      "esbuild" "^0.14.27"
      "postcss" "^8.4.13"
      "resolve" "^1.22.0"
      "rollup" "^2.59.0"
    optionalDependencies:
      "fsevents" "~2.3.2"
  
  "vitepress@^1.0.0-alpha.4":
    "integrity" "sha512-bOAA4KW6vYGlkbcrPLZLTKWTgXVroObU+o9xj9EENyEl6yg26WWvfN7DGA4BftjdM5O8nR93Z5khPQ3W/tFE7Q=="
    "resolved" "https://registry.npmmirror.com/vitepress/-/vitepress-1.0.0-alpha.4.tgz"
    "version" "1.0.0-alpha.4"
    dependencies:
      "@docsearch/css" "^3.0.0"
      "@docsearch/js" "^3.0.0"
      "@vitejs/plugin-vue" "^2.3.2"
      "@vue/devtools-api" "^6.1.4"
      "@vueuse/core" "^8.5.0"
      "body-scroll-lock" "^4.0.0-beta.0"
      "shiki" "^0.10.1"
      "vite" "^2.9.7"
      "vue" "^3.2.33"
  
  "vscode-oniguruma@^1.6.1":
    "integrity" "sha512-KH8+KKov5eS/9WhofZR8M8dMHWN2gTxjMsG4jd04YhpbPR91fUj7rYQ2/XjeHCJWbg7X++ApRIU9NUwM2vTvLA=="
    "resolved" "https://registry.npmmirror.com/vscode-oniguruma/-/vscode-oniguruma-1.6.2.tgz"
    "version" "1.6.2"
  
  "vscode-textmate@5.2.0":
    "integrity" "sha512-Uw5ooOQxRASHgu6C7GVvUxisKXfSgW4oFlO+aa+PAkgmH89O3CXxEEzNRNtHSqtXFTl0nAC1uYj0GMSH27uwtQ=="
    "resolved" "https://registry.npmmirror.com/vscode-textmate/-/vscode-textmate-5.2.0.tgz"
    "version" "5.2.0"
  
  "vue-demi@*":
    "integrity" "sha512-tO3K2bML3AwiHmVHeKCq6HLef2st4zBXIV5aEkoJl6HZ+gJWxWv2O8wLH8qrA3SX3lDoTDHNghLX1xZg83MXvw=="
    "resolved" "https://registry.npmmirror.com/vue-demi/-/vue-demi-0.13.5.tgz"
    "version" "0.13.5"
  
  "vue@^2.6.0 || ^3.2.0", "vue@^3.0.0-0 || ^2.6.0", "vue@^3.2.25", "vue@^3.2.33", "vue@^3.2.37", "vue@3.2.37":
    "integrity" "sha512-bOKEZxrm8Eh+fveCqS1/NkG/n6aMidsI6hahas7pa0w/l7jkbssJVsRhVDs07IdDq7h9KHswZOgItnwJAgtVtQ=="
    "resolved" "https://registry.npmmirror.com/vue/-/vue-3.2.37.tgz"
    "version" "3.2.37"
    dependencies:
      "@vue/compiler-dom" "3.2.37"
      "@vue/compiler-sfc" "3.2.37"
      "@vue/runtime-dom" "3.2.37"
      "@vue/server-renderer" "3.2.37"
      "@vue/shared" "3.2.37"
